!SESSION 2025-03-11 21:36:48.368 -----------------------------------------------
eclipse.buildId=unknown
java.version=11.0.20
java.vendor=Oracle Corporation
BootLoader constants: OS=win32, ARCH=x86_64, WS=win32, NL=en_US
Command-line arguments:  -console

!ENTRY org.eclipse.osgi 4 0 2025-03-11 21:36:49.837
!MESSAGE Could not find bundle: org.eclipse.equinox.console
!STACK 0
org.osgi.framework.BundleException: Could not find bundle: org.eclipse.equinox.console
	at org.eclipse.core.runtime.internal.adaptor.ConsoleManager.checkForConsoleBundle(ConsoleManager.java:70)
	at org.eclipse.core.runtime.adaptor.EclipseStarter.startup(EclipseStarter.java:410)
	at org.eclipse.core.runtime.adaptor.EclipseStarter.run(EclipseStarter.java:294)
	at org.eclipse.core.runtime.adaptor.EclipseStarter.main(EclipseStarter.java:269)

!ENTRY org.eclipse.osgi 4 0 2025-03-11 21:36:49.873
!MESSAGE Application error
!STACK 1
java.lang.IllegalStateException: Unable to acquire application service. Ensure that the org.eclipse.core.runtime bundle is resolved and started (see config.ini).
	at org.eclipse.core.runtime.internal.adaptor.EclipseAppLauncher.start(EclipseAppLauncher.java:92)
	at org.eclipse.core.runtime.adaptor.EclipseStarter.run(EclipseStarter.java:467)
	at org.eclipse.core.runtime.adaptor.EclipseStarter.run(EclipseStarter.java:298)
	at org.eclipse.core.runtime.adaptor.EclipseStarter.main(EclipseStarter.java:269)
